<html>
<head>
<title>TestNG:  Test</title>
<link href="../testng.css" rel="stylesheet" type="text/css" />
<link href="../my-testng.css" rel="stylesheet" type="text/css" />

<style type="text/css">
.log { display: none;} 
.stack-trace { display: none;} 
</style>
<script type="text/javascript">
<!--
function flip(e) {
  current = e.style.display;
  if (current == 'block') {
    e.style.display = 'none';
    return 0;
  }
  else {
    e.style.display = 'block';
    return 1;
  }
}

function toggleBox(szDivId, elem, msg1, msg2)
{
  var res = -1;  if (document.getElementById) {
    res = flip(document.getElementById(szDivId));
  }
  else if (document.all) {
    // this is the way old msie versions work
    res = flip(document.all[szDivId]);
  }
  if(elem) {
    if(res == 0) elem.innerHTML = msg1; else elem.innerHTML = msg2;
  }

}

function toggleAllBoxes() {
  if (document.getElementsByTagName) {
    d = document.getElementsByTagName('div');
    for (i = 0; i < d.length; i++) {
      if (d[i].className == 'log') {
        flip(d[i]);
      }
    }
  }
}

// -->
</script>

</head>
<body>
<h2 align='center'>Test</h2><table border='1' align="center">
<tr>
<td>Tests passed/Failed/Skipped:</td><td>16/1/0</td>
</tr><tr>
<td>Started on:</td><td>Wed Jun 12 10:00:36 IST 2024</td>
</tr>
<tr><td>Total time:</td><td>152 seconds (152439 ms)</td>
</tr><tr>
<td>Included groups:</td><td></td>
</tr><tr>
<td>Excluded groups:</td><td></td>
</tr>
</table><p/>
<small><i>(Hover the method name to see the test class name)</i></small><p/>
<table width='100%' border='1' class='invocation-failed'>
<tr><td colspan='4' align='center'><b>FAILED TESTS</b></td></tr>
<tr><td><b>Test method</b></td>
<td><b>Attribute(s)</b></td>
<td width="30%"><b>Exception</b></td>
<td width="10%"><b>Time (seconds)</b></td>
<td><b>Instance</b></td>
</tr>
<tr>
<td title='Test.Test_script.Testng.adderess_type()'><b>adderess_type</b><br>Test class: Test.Test_script.Testng</td>
<td><div><pre>org.openqa.selenium.ElementClickInterceptedException: element click intercepted: Element &lt;label for=&quot;doc1&quot; data-browse=&quot;Browse&quot; class=&quot;custom-file-label&quot;&gt;...&lt;/label&gt; is not clickable at point (706, 19). Other element would receive the click: &lt;nav class=&quot;navbar _nav sticky-top navbar-dark navbar-expand-lg&quot; style=&quot;&quot;&gt;...&lt;/nav&gt;
  (Session info: chrome=126.0.6478.56)
Build info: version: &apos;4.18.1&apos;, revision: &apos;b1d3319b48&apos;
System info: os.name: &apos;Windows 11&apos;, os.arch: &apos;amd64&apos;, os.version: &apos;10.0&apos;, java.version: &apos;21.0.2&apos;
Driver info: org.openqa.selenium.chrome.ChromeDriver
Command: [8ce1164679c7bc62973db9fab7cd8681, clickElement {id=f.15B209C3B890D476DDB102A9625FC599.d.AB3A9DDCE8D8C8B8258DA875162E43FA.e.13762}]
Capabilities {acceptInsecureCerts: false, browserName: chrome, browserVersion: 126.0.6478.56, chrome: {chromedriverVersion: 126.0.6478.55 (7616ff175414..., userDataDir: C:\Users\BHUSHA~1.TOK\AppDa...}, fedcm:accounts: true, goog:chromeOptions: {debuggerAddress: localhost:61249}, networkConnectionEnabled: false, pageLoadStrategy: normal, platformName: windows, proxy: Proxy(), se:cdp: ws://localhost:61249/devtoo..., se:cdpVersion: 126.0.6478.56, setWindowRect: true, strictFileInteractability: false, timeouts: {implicit: 0, pageLoad: 300000, script: 30000}, unhandledPromptBehavior: dismiss and notify, webauthn:extension:credBlob: true, webauthn:extension:largeBlob: true, webauthn:extension:minPinLength: true, webauthn:extension:prf: true, webauthn:virtualAuthenticators: true}
Element: [[ChromeDriver: chrome on windows (8ce1164679c7bc62973db9fab7cd8681)] -&gt; css selector: div#doc1__BV_file_outer_ &gt; label]
Session ID: 8ce1164679c7bc62973db9fab7cd8681
	at org.openqa.selenium.remote.ErrorCodec.decode(ErrorCodec.java:167)
	at org.openqa.selenium.remote.codec.w3c.W3CHttpResponseCodec.decode(W3CHttpResponseCodec.java:138)
	at org.openqa.selenium.remote.codec.w3c.W3CHttpResponseCodec.decode(W3CHttpResponseCodec.java:50)
	at org.openqa.selenium.remote.HttpCommandExecutor.execute(HttpCommandExecutor.java:190)
	at org.openqa.selenium.remote.service.DriverCommandExecutor.invokeExecute(DriverCommandExecutor.java:216)
	at org.openqa.selenium.remote.service.DriverCommandExecutor.execute(DriverCommandExecutor.java:174)
	at org.openqa.selenium.remote.RemoteWebDriver.execute(RemoteWebDriver.java:519)
	at org.openqa.selenium.remote.RemoteWebElement.execute(RemoteWebElement.java:223)
	at org.openqa.selenium.remote.RemoteWebElement.click(RemoteWebElement.java:76)
	at Test.Test_script.Testng.adderess_type(Testng.java:368)
	at java.base/java.util.ArrayList.forEach(ArrayList.java:1596)
... Removed 28 stack frames</pre></div><a href='#' onClick='toggleBox("stack-trace512734831", this, "Click to show all stack frames", "Click to hide stack frames")'>Click to show all stack frames</a>
<div class='stack-trace' id='stack-trace512734831'><pre>org.openqa.selenium.ElementClickInterceptedException: element click intercepted: Element &lt;label for=&quot;doc1&quot; data-browse=&quot;Browse&quot; class=&quot;custom-file-label&quot;&gt;...&lt;/label&gt; is not clickable at point (706, 19). Other element would receive the click: &lt;nav class=&quot;navbar _nav sticky-top navbar-dark navbar-expand-lg&quot; style=&quot;&quot;&gt;...&lt;/nav&gt;
  (Session info: chrome=126.0.6478.56)
Build info: version: &apos;4.18.1&apos;, revision: &apos;b1d3319b48&apos;
System info: os.name: &apos;Windows 11&apos;, os.arch: &apos;amd64&apos;, os.version: &apos;10.0&apos;, java.version: &apos;21.0.2&apos;
Driver info: org.openqa.selenium.chrome.ChromeDriver
Command: [8ce1164679c7bc62973db9fab7cd8681, clickElement {id=f.15B209C3B890D476DDB102A9625FC599.d.AB3A9DDCE8D8C8B8258DA875162E43FA.e.13762}]
Capabilities {acceptInsecureCerts: false, browserName: chrome, browserVersion: 126.0.6478.56, chrome: {chromedriverVersion: 126.0.6478.55 (7616ff175414..., userDataDir: C:\Users\BHUSHA~1.TOK\AppDa...}, fedcm:accounts: true, goog:chromeOptions: {debuggerAddress: localhost:61249}, networkConnectionEnabled: false, pageLoadStrategy: normal, platformName: windows, proxy: Proxy(), se:cdp: ws://localhost:61249/devtoo..., se:cdpVersion: 126.0.6478.56, setWindowRect: true, strictFileInteractability: false, timeouts: {implicit: 0, pageLoad: 300000, script: 30000}, unhandledPromptBehavior: dismiss and notify, webauthn:extension:credBlob: true, webauthn:extension:largeBlob: true, webauthn:extension:minPinLength: true, webauthn:extension:prf: true, webauthn:virtualAuthenticators: true}
Element: [[ChromeDriver: chrome on windows (8ce1164679c7bc62973db9fab7cd8681)] -&gt; css selector: div#doc1__BV_file_outer_ &gt; label]
Session ID: 8ce1164679c7bc62973db9fab7cd8681
	at java.base/jdk.internal.reflect.DirectConstructorHandleAccessor.newInstance(DirectConstructorHandleAccessor.java:62)
	at java.base/java.lang.reflect.Constructor.newInstanceWithCaller(Constructor.java:502)
	at java.base/java.lang.reflect.Constructor.newInstance(Constructor.java:486)
	at org.openqa.selenium.remote.ErrorCodec.decode(ErrorCodec.java:167)
	at org.openqa.selenium.remote.codec.w3c.W3CHttpResponseCodec.decode(W3CHttpResponseCodec.java:138)
	at org.openqa.selenium.remote.codec.w3c.W3CHttpResponseCodec.decode(W3CHttpResponseCodec.java:50)
	at org.openqa.selenium.remote.HttpCommandExecutor.execute(HttpCommandExecutor.java:190)
	at org.openqa.selenium.remote.service.DriverCommandExecutor.invokeExecute(DriverCommandExecutor.java:216)
	at org.openqa.selenium.remote.service.DriverCommandExecutor.execute(DriverCommandExecutor.java:174)
	at org.openqa.selenium.remote.RemoteWebDriver.execute(RemoteWebDriver.java:519)
	at org.openqa.selenium.remote.RemoteWebElement.execute(RemoteWebElement.java:223)
	at org.openqa.selenium.remote.RemoteWebElement.click(RemoteWebElement.java:76)
	at Test.Test_script.Testng.adderess_type(Testng.java:368)
	at java.base/jdk.internal.reflect.DirectMethodHandleAccessor.invoke(DirectMethodHandleAccessor.java:103)
	at java.base/java.lang.reflect.Method.invoke(Method.java:580)
	at org.testng.internal.invokers.MethodInvocationHelper.invokeMethod(MethodInvocationHelper.java:139)
	at org.testng.internal.invokers.TestInvoker.invokeMethod(TestInvoker.java:664)
	at org.testng.internal.invokers.TestInvoker.invokeTestMethod(TestInvoker.java:228)
	at org.testng.internal.invokers.MethodRunner.runInSequence(MethodRunner.java:63)
	at org.testng.internal.invokers.TestInvoker$MethodInvocationAgent.invoke(TestInvoker.java:961)
	at org.testng.internal.invokers.TestInvoker.invokeTestMethods(TestInvoker.java:201)
	at org.testng.internal.invokers.TestMethodWorker.invokeTestMethods(TestMethodWorker.java:148)
	at org.testng.internal.invokers.TestMethodWorker.run(TestMethodWorker.java:128)
	at java.base/java.util.ArrayList.forEach(ArrayList.java:1596)
	at org.testng.TestRunner.privateRun(TestRunner.java:819)
	at org.testng.TestRunner.run(TestRunner.java:619)
	at org.testng.SuiteRunner.runTest(SuiteRunner.java:443)
	at org.testng.SuiteRunner.runSequentially(SuiteRunner.java:437)
	at org.testng.SuiteRunner.privateRun(SuiteRunner.java:397)
	at org.testng.SuiteRunner.run(SuiteRunner.java:336)
	at org.testng.SuiteRunnerWorker.runSuite(SuiteRunnerWorker.java:52)
	at org.testng.SuiteRunnerWorker.run(SuiteRunnerWorker.java:95)
	at org.testng.TestNG.runSuitesSequentially(TestNG.java:1301)
	at org.testng.TestNG.runSuitesLocally(TestNG.java:1228)
	at org.testng.TestNG.runSuites(TestNG.java:1134)
	at org.testng.TestNG.run(TestNG.java:1101)
	at org.testng.remote.AbstractRemoteTestNG.run(AbstractRemoteTestNG.java:115)
	at org.testng.remote.RemoteTestNG.initAndRun(RemoteTestNG.java:251)
	at org.testng.remote.RemoteTestNG.main(RemoteTestNG.java:77)
</pre></div></td>
<td>15</td>
<td>Test.Test_script.Testng@6475472c</td></tr>
</table><p>
<table width='100%' border='1' class='invocation-passed'>
<tr><td colspan='4' align='center'><b>PASSED TESTS</b></td></tr>
<tr><td><b>Test method</b></td>
<td><b>Attribute(s)</b></td>
<td width="30%"><b>Exception</b></td>
<td width="10%"><b>Time (seconds)</b></td>
<td><b>Instance</b></td>
</tr>
<tr>
<td title='Test.Test_script.Testng.applicant_OTP_Verification()'><b>applicant_OTP_Verification</b><br>Test class: Test.Test_script.Testng</td>
<td></td>
<td>5</td>
<td>Test.Test_script.Testng@6475472c</td></tr>
<tr>
<td title='Test.Test_script.Testng.Co_applicant()'><b>Co_applicant</b><br>Test class: Test.Test_script.Testng</td>
<td></td>
<td>37</td>
<td>Test.Test_script.Testng@6475472c</td></tr>
<tr>
<td title='Test.Test_script.Testng.apply_loan_click()'><b>apply_loan_click</b><br>Test class: Test.Test_script.Testng</td>
<td></td>
<td>2</td>
<td>Test.Test_script.Testng@6475472c</td></tr>
<tr>
<td title='Test.Test_script.Testng.Basic_Details_Form_Business_Constitution()'><b>Basic_Details_Form_Business_Constitution</b><br>Test class: Test.Test_script.Testng</td>
<td></td>
<td>5</td>
<td>Test.Test_script.Testng@6475472c</td></tr>
<tr>
<td title='Test.Test_script.Testng.Basic_Details_Form_Sector()'><b>Basic_Details_Form_Sector</b><br>Test class: Test.Test_script.Testng</td>
<td></td>
<td>0</td>
<td>Test.Test_script.Testng@6475472c</td></tr>
<tr>
<td title='Test.Test_script.Testng.verify()'><b>verify</b><br>Test class: Test.Test_script.Testng</td>
<td></td>
<td>3</td>
<td>Test.Test_script.Testng@6475472c</td></tr>
<tr>
<td title='Test.Test_script.Testng.login()'><b>login</b><br>Test class: Test.Test_script.Testng</td>
<td></td>
<td>3</td>
<td>Test.Test_script.Testng@6475472c</td></tr>
<tr>
<td title='Test.Test_script.Testng.Basic_Details_Form_Business_Name()'><b>Basic_Details_Form_Business_Name</b><br>Test class: Test.Test_script.Testng</td>
<td></td>
<td>0</td>
<td>Test.Test_script.Testng@6475472c</td></tr>
<tr>
<td title='Test.Test_script.Testng.Basic_Details_Form_Upload_PAN()'><b>Basic_Details_Form_Upload_PAN</b><br>Test class: Test.Test_script.Testng</td>
<td></td>
<td>8</td>
<td>Test.Test_script.Testng@6475472c</td></tr>
<tr>
<td title='Test.Test_script.Testng.Unsecured_Business_Loan_click()'><b>Unsecured_Business_Loan_click</b><br>Test class: Test.Test_script.Testng</td>
<td></td>
<td>2</td>
<td>Test.Test_script.Testng@6475472c</td></tr>
<tr>
<td title='Test.Test_script.Testng.Basic_Details_Form_Mobile_Number()'><b>Basic_Details_Form_Mobile_Number</b><br>Test class: Test.Test_script.Testng</td>
<td></td>
<td>0</td>
<td>Test.Test_script.Testng@6475472c</td></tr>
<tr>
<td title='Test.Test_script.Testng.Basic_Details_Form_Sub_Sector()'><b>Basic_Details_Form_Sub_Sector</b><br>Test class: Test.Test_script.Testng</td>
<td></td>
<td>3</td>
<td>Test.Test_script.Testng@6475472c</td></tr>
<tr>
<td title='Test.Test_script.Testng.Basic_Details_Form_email()'><b>Basic_Details_Form_email</b><br>Test class: Test.Test_script.Testng</td>
<td></td>
<td>0</td>
<td>Test.Test_script.Testng@6475472c</td></tr>
<tr>
<td title='Test.Test_script.Testng.bankupload()'><b>bankupload</b><br>Test class: Test.Test_script.Testng</td>
<td></td>
<td>15</td>
<td>Test.Test_script.Testng@6475472c</td></tr>
<tr>
<td title='Test.Test_script.Testng.Eligibility_Amount()'><b>Eligibility_Amount</b><br>Test class: Test.Test_script.Testng</td>
<td></td>
<td>31</td>
<td>Test.Test_script.Testng@6475472c</td></tr>
<tr>
<td title='Test.Test_script.Testng.Basic_Details_Form_Aadhaar_Upload()'><b>Basic_Details_Form_Aadhaar_Upload</b><br>Test class: Test.Test_script.Testng</td>
<td></td>
<td>17</td>
<td>Test.Test_script.Testng@6475472c</td></tr>
</table><p>
</body>
</html>