<?xml version="1.0" encoding="UTF-8"?>
<!-- Generated by org.testng.reporters.JUnitXMLReporter -->
<testsuite ignored="0" hostname="NFL-160" failures="1" tests="17" name="Test" time="152.439" errors="0" timestamp="2024-06-12T10:03:08 IST">
  <testcase classname="Test.Test_script.Testng" name="login" time="3.214"/>
  <testcase classname="Test.Test_script.Testng" name="verify" time="3.412"/>
  <testcase classname="Test.Test_script.Testng" name="apply_loan_click" time="2.121"/>
  <testcase classname="Test.Test_script.Testng" name="Unsecured_Business_Loan_click" time="2.935"/>
  <testcase classname="Test.Test_script.Testng" name="Basic_Details_Form_Business_Constitution" time="5.028"/>
  <testcase classname="Test.Test_script.Testng" name="Basic_Details_Form_Business_Name" time="0.165"/>
  <testcase classname="Test.Test_script.Testng" name="Basic_Details_Form_Mobile_Number" time="0.162"/>
  <testcase classname="Test.Test_script.Testng" name="Basic_Details_Form_email" time="0.158"/>
  <testcase classname="Test.Test_script.Testng" name="Basic_Details_Form_Sector" time="0.641"/>
  <testcase classname="Test.Test_script.Testng" name="Basic_Details_Form_Sub_Sector" time="3.269"/>
  <testcase classname="Test.Test_script.Testng" name="Basic_Details_Form_Upload_PAN" time="8.507"/>
  <testcase classname="Test.Test_script.Testng" name="Basic_Details_Form_Aadhaar_Upload" time="17.434"/>
  <testcase classname="Test.Test_script.Testng" name="bankupload" time="15.552"/>
  <testcase classname="Test.Test_script.Testng" name="applicant_OTP_Verification" time="5.135"/>
  <testcase classname="Test.Test_script.Testng" name="Eligibility_Amount" time="31.101"/>
  <testcase classname="Test.Test_script.Testng" name="Co_applicant" time="37.79"/>
  <testcase classname="Test.Test_script.Testng" name="adderess_type" time="15.053">
    <failure type="org.openqa.selenium.ElementClickInterceptedException" message="element click intercepted: Element &amp;lt;label for=&amp;quot;doc1&amp;quot; data-browse=&amp;quot;Browse&amp;quot; class=&amp;quot;custom-file-label&amp;quot;&amp;gt;...&amp;lt;/label&amp;gt; is not clickable at point (706, 19). Other element would receive the click: &amp;lt;nav class=&amp;quot;navbar _nav sticky-top navbar-dark navbar-expand-lg&amp;quot; style=&amp;quot;&amp;quot;&amp;gt;...&amp;lt;/nav&amp;gt;
  (Session info: chrome=126.0.6478.56)
Build info: version: &amp;apos;4.18.1&amp;apos;, revision: &amp;apos;b1d3319b48&amp;apos;
System info: os.name: &amp;apos;Windows 11&amp;apos;, os.arch: &amp;apos;amd64&amp;apos;, os.version: &amp;apos;10.0&amp;apos;, java.version: &amp;apos;21.0.2&amp;apos;
Driver info: org.openqa.selenium.chrome.ChromeDriver
Command: [8ce1164679c7bc62973db9fab7cd8681, clickElement {id=f.15B209C3B890D476DDB102A9625FC599.d.AB3A9DDCE8D8C8B8258DA875162E43FA.e.13762}]
Capabilities {acceptInsecureCerts: false, browserName: chrome, browserVersion: 126.0.6478.56, chrome: {chromedriverVersion: 126.0.6478.55 (7616ff175414..., userDataDir: C:\Users\BHUSHA~1.TOK\AppDa...}, fedcm:accounts: true, goog:chromeOptions: {debuggerAddress: localhost:61249}, networkConnectionEnabled: false, pageLoadStrategy: normal, platformName: windows, proxy: Proxy(), se:cdp: ws://localhost:61249/devtoo..., se:cdpVersion: 126.0.6478.56, setWindowRect: true, strictFileInteractability: false, timeouts: {implicit: 0, pageLoad: 300000, script: 30000}, unhandledPromptBehavior: dismiss and notify, webauthn:extension:credBlob: true, webauthn:extension:largeBlob: true, webauthn:extension:minPinLength: true, webauthn:extension:prf: true, webauthn:virtualAuthenticators: true}
Element: [[ChromeDriver: chrome on windows (8ce1164679c7bc62973db9fab7cd8681)] -&amp;gt; css selector: div#doc1__BV_file_outer_ &amp;gt; label]
Session ID: 8ce1164679c7bc62973db9fab7cd8681">
      <![CDATA[org.openqa.selenium.ElementClickInterceptedException: element click intercepted: Element <label for="doc1" data-browse="Browse" class="custom-file-label">...</label> is not clickable at point (706, 19). Other element would receive the click: <nav class="navbar _nav sticky-top navbar-dark navbar-expand-lg" style="">...</nav>
  (Session info: chrome=126.0.6478.56)
Build info: version: '4.18.1', revision: 'b1d3319b48'
System info: os.name: 'Windows 11', os.arch: 'amd64', os.version: '10.0', java.version: '21.0.2'
Driver info: org.openqa.selenium.chrome.ChromeDriver
Command: [8ce1164679c7bc62973db9fab7cd8681, clickElement {id=f.15B209C3B890D476DDB102A9625FC599.d.AB3A9DDCE8D8C8B8258DA875162E43FA.e.13762}]
Capabilities {acceptInsecureCerts: false, browserName: chrome, browserVersion: 126.0.6478.56, chrome: {chromedriverVersion: 126.0.6478.55 (7616ff175414..., userDataDir: C:\Users\BHUSHA~1.TOK\AppDa...}, fedcm:accounts: true, goog:chromeOptions: {debuggerAddress: localhost:61249}, networkConnectionEnabled: false, pageLoadStrategy: normal, platformName: windows, proxy: Proxy(), se:cdp: ws://localhost:61249/devtoo..., se:cdpVersion: 126.0.6478.56, setWindowRect: true, strictFileInteractability: false, timeouts: {implicit: 0, pageLoad: 300000, script: 30000}, unhandledPromptBehavior: dismiss and notify, webauthn:extension:credBlob: true, webauthn:extension:largeBlob: true, webauthn:extension:minPinLength: true, webauthn:extension:prf: true, webauthn:virtualAuthenticators: true}
Element: [[ChromeDriver: chrome on windows (8ce1164679c7bc62973db9fab7cd8681)] -> css selector: div#doc1__BV_file_outer_ > label]
Session ID: 8ce1164679c7bc62973db9fab7cd8681
at org.openqa.selenium.remote.ErrorCodec.decode(ErrorCodec.java:167)
at org.openqa.selenium.remote.codec.w3c.W3CHttpResponseCodec.decode(W3CHttpResponseCodec.java:138)
at org.openqa.selenium.remote.codec.w3c.W3CHttpResponseCodec.decode(W3CHttpResponseCodec.java:50)
at org.openqa.selenium.remote.HttpCommandExecutor.execute(HttpCommandExecutor.java:190)
at org.openqa.selenium.remote.service.DriverCommandExecutor.invokeExecute(DriverCommandExecutor.java:216)
at org.openqa.selenium.remote.service.DriverCommandExecutor.execute(DriverCommandExecutor.java:174)
at org.openqa.selenium.remote.RemoteWebDriver.execute(RemoteWebDriver.java:519)
at org.openqa.selenium.remote.RemoteWebElement.execute(RemoteWebElement.java:223)
at org.openqa.selenium.remote.RemoteWebElement.click(RemoteWebElement.java:76)
at Test.Test_script.Testng.adderess_type(Testng.java:368)
at java.base/java.util.ArrayList.forEach(ArrayList.java:1596)
... Removed 28 stack frames]]>
    </failure>
  </testcase> <!-- adderess_type -->
</testsuite> <!-- Test -->
