<?xml version="1.0" encoding="UTF-8"?>
<!-- Generated by org.testng.reporters.JUnitReportReporter -->
<testsuite hostname="NFL-160" failures="0" tests="24" name="Test.Test_script.Testng" time="1.533" errors="1" timestamp="2024-08-28T16:45:13 IST" skipped="23">
  <testcase classname="Test.Test_script.Testng" name="lunch" time="1.533">
    <error message="no such window: target window already closed
from unknown error: web view not found
  (Session info: chrome=127.0.6533.100)
Build info: version: &#039;4.18.1&#039;, revision: &#039;b1d3319b48&#039;
System info: os.name: &#039;Windows 11&#039;, os.arch: &#039;amd64&#039;, os.version: &#039;10.0&#039;, java.version: &#039;21.0.2&#039;
Driver info: org.openqa.selenium.chrome.ChromeDriver
Command: [3f1da8dbc9c81da849197d0af5e48979, maximizeCurrentWindow {}]
Capabilities {acceptInsecureCerts: false, browserName: chrome, browserVersion: 127.0.6533.100, chrome: {chromedriverVersion: 127.0.6533.119 (bdef6783a05..., userDataDir: C:\Users\BHUSHA~1.TOK\AppDa...}, fedcm:accounts: true, goog:chromeOptions: {debuggerAddress: localhost:64991}, networkConnectionEnabled: false, pageLoadStrategy: normal, platformName: windows, proxy: Proxy(), se:cdp: ws://localhost:64991/devtoo..., se:cdpVersion: 127.0.6533.100, setWindowRect: true, strictFileInteractability: false, timeouts: {implicit: 0, pageLoad: 300000, script: 30000}, unhandledPromptBehavior: dismiss and notify, webauthn:extension:credBlob: true, webauthn:extension:largeBlob: true, webauthn:extension:minPinLength: true, webauthn:extension:prf: true, webauthn:virtualAuthenticators: true}
Session ID: 3f1da8dbc9c81da849197d0af5e48979" type="org.openqa.selenium.NoSuchWindowException">
      <![CDATA[org.openqa.selenium.NoSuchWindowException: no such window: target window already closed
from unknown error: web view not found
  (Session info: chrome=127.0.6533.100)
Build info: version: '4.18.1', revision: 'b1d3319b48'
System info: os.name: 'Windows 11', os.arch: 'amd64', os.version: '10.0', java.version: '21.0.2'
Driver info: org.openqa.selenium.chrome.ChromeDriver
Command: [3f1da8dbc9c81da849197d0af5e48979, maximizeCurrentWindow {}]
Capabilities {acceptInsecureCerts: false, browserName: chrome, browserVersion: 127.0.6533.100, chrome: {chromedriverVersion: 127.0.6533.119 (bdef6783a05..., userDataDir: C:\Users\BHUSHA~1.TOK\AppDa...}, fedcm:accounts: true, goog:chromeOptions: {debuggerAddress: localhost:64991}, networkConnectionEnabled: false, pageLoadStrategy: normal, platformName: windows, proxy: Proxy(), se:cdp: ws://localhost:64991/devtoo..., se:cdpVersion: 127.0.6533.100, setWindowRect: true, strictFileInteractability: false, timeouts: {implicit: 0, pageLoad: 300000, script: 30000}, unhandledPromptBehavior: dismiss and notify, webauthn:extension:credBlob: true, webauthn:extension:largeBlob: true, webauthn:extension:minPinLength: true, webauthn:extension:prf: true, webauthn:virtualAuthenticators: true}
Session ID: 3f1da8dbc9c81da849197d0af5e48979
at java.base/jdk.internal.reflect.DirectConstructorHandleAccessor.newInstance(DirectConstructorHandleAccessor.java:62)
at java.base/java.lang.reflect.Constructor.newInstanceWithCaller(Constructor.java:502)
at java.base/java.lang.reflect.Constructor.newInstance(Constructor.java:486)
at org.openqa.selenium.remote.ErrorCodec.decode(ErrorCodec.java:167)
at org.openqa.selenium.remote.codec.w3c.W3CHttpResponseCodec.decode(W3CHttpResponseCodec.java:138)
at org.openqa.selenium.remote.codec.w3c.W3CHttpResponseCodec.decode(W3CHttpResponseCodec.java:50)
at org.openqa.selenium.remote.HttpCommandExecutor.execute(HttpCommandExecutor.java:190)
at org.openqa.selenium.remote.service.DriverCommandExecutor.invokeExecute(DriverCommandExecutor.java:216)
at org.openqa.selenium.remote.service.DriverCommandExecutor.execute(DriverCommandExecutor.java:174)
at org.openqa.selenium.remote.RemoteWebDriver.execute(RemoteWebDriver.java:519)
at org.openqa.selenium.remote.RemoteWebDriver.execute(RemoteWebDriver.java:592)
at org.openqa.selenium.remote.RemoteWebDriver.execute(RemoteWebDriver.java:596)
at org.openqa.selenium.remote.RemoteWebDriver$RemoteWebDriverOptions$RemoteWindow.maximize(RemoteWebDriver.java:1035)
at Test.Test_script.Testng.lunch(Testng.java:42)
at java.base/jdk.internal.reflect.DirectMethodHandleAccessor.invoke(DirectMethodHandleAccessor.java:103)
at java.base/java.lang.reflect.Method.invoke(Method.java:580)
at org.testng.internal.invokers.MethodInvocationHelper.invokeMethod(MethodInvocationHelper.java:139)
at org.testng.internal.invokers.MethodInvocationHelper.invokeMethodConsideringTimeout(MethodInvocationHelper.java:69)
at org.testng.internal.invokers.ConfigInvoker.invokeConfigurationMethod(ConfigInvoker.java:393)
at org.testng.internal.invokers.ConfigInvoker.invokeConfigurations(ConfigInvoker.java:326)
at org.testng.TestRunner.invokeTestConfigurations(TestRunner.java:661)
at org.testng.TestRunner.beforeRun(TestRunner.java:650)
at org.testng.TestRunner.run(TestRunner.java:612)
at org.testng.SuiteRunner.runTest(SuiteRunner.java:443)
at org.testng.SuiteRunner.runSequentially(SuiteRunner.java:437)
at org.testng.SuiteRunner.privateRun(SuiteRunner.java:397)
at org.testng.SuiteRunner.run(SuiteRunner.java:336)
at org.testng.SuiteRunnerWorker.runSuite(SuiteRunnerWorker.java:52)
at org.testng.SuiteRunnerWorker.run(SuiteRunnerWorker.java:95)
at org.testng.TestNG.runSuitesSequentially(TestNG.java:1301)
at org.testng.TestNG.runSuitesLocally(TestNG.java:1228)
at org.testng.TestNG.runSuites(TestNG.java:1134)
at org.testng.TestNG.run(TestNG.java:1101)
at org.testng.remote.AbstractRemoteTestNG.run(AbstractRemoteTestNG.java:115)
at org.testng.remote.RemoteTestNG.initAndRun(RemoteTestNG.java:251)
at org.testng.remote.RemoteTestNG.main(RemoteTestNG.java:77)
]]>
    </error>
  </testcase> <!-- lunch -->
  <testcase classname="Test.Test_script.Testng" name="login" time="0.000">
    <skipped/>
  </testcase> <!-- login -->
  <testcase classname="Test.Test_script.Testng" name="verify" time="0.000">
    <skipped/>
  </testcase> <!-- verify -->
  <testcase classname="Test.Test_script.Testng" name="apply_loan_click" time="0.000">
    <skipped/>
  </testcase> <!-- apply_loan_click -->
  <testcase classname="Test.Test_script.Testng" name="Unsecured_Business_Loan_click" time="0.000">
    <skipped/>
  </testcase> <!-- Unsecured_Business_Loan_click -->
  <testcase classname="Test.Test_script.Testng" name="Basic_Details_Form_Business_Constitution" time="0.000">
    <skipped/>
  </testcase> <!-- Basic_Details_Form_Business_Constitution -->
  <testcase classname="Test.Test_script.Testng" name="Basic_Details_Form_Business_Name" time="0.000">
    <skipped/>
  </testcase> <!-- Basic_Details_Form_Business_Name -->
  <testcase classname="Test.Test_script.Testng" name="Basic_Details_Form_Mobile_Number" time="0.000">
    <skipped/>
  </testcase> <!-- Basic_Details_Form_Mobile_Number -->
  <testcase classname="Test.Test_script.Testng" name="Basic_Details_Form_email" time="0.000">
    <skipped/>
  </testcase> <!-- Basic_Details_Form_email -->
  <testcase classname="Test.Test_script.Testng" name="Basic_Details_Form_Sector" time="0.000">
    <skipped/>
  </testcase> <!-- Basic_Details_Form_Sector -->
  <testcase classname="Test.Test_script.Testng" name="Basic_Details_Form_Sub_Sector" time="0.000">
    <skipped/>
  </testcase> <!-- Basic_Details_Form_Sub_Sector -->
  <testcase classname="Test.Test_script.Testng" name="Basic_Details_Form_Upload_PAN" time="0.000">
    <skipped/>
  </testcase> <!-- Basic_Details_Form_Upload_PAN -->
  <testcase classname="Test.Test_script.Testng" name="Basic_Details_Form_Aadhaar_Upload" time="0.000">
    <skipped/>
  </testcase> <!-- Basic_Details_Form_Aadhaar_Upload -->
  <testcase classname="Test.Test_script.Testng" name="Basic_Details_Form_Resident_Office" time="0.000">
    <skipped/>
  </testcase> <!-- Basic_Details_Form_Resident_Office -->
  <testcase classname="Test.Test_script.Testng" name="Business_Vintage" time="0.000">
    <skipped/>
  </testcase> <!-- Business_Vintage -->
  <testcase classname="Test.Test_script.Testng" name="bankupload" time="0.000">
    <skipped/>
  </testcase> <!-- bankupload -->
  <testcase classname="Test.Test_script.Testng" name="applicant_OTP_Verification" time="0.000">
    <skipped/>
  </testcase> <!-- applicant_OTP_Verification -->
  <testcase classname="Test.Test_script.Testng" name="Eligibility_Amount" time="0.000">
    <skipped/>
  </testcase> <!-- Eligibility_Amount -->
  <testcase classname="Test.Test_script.Testng" name="Co_applicant" time="0.000">
    <skipped/>
  </testcase> <!-- Co_applicant -->
  <testcase classname="Test.Test_script.Testng" name="Business_Details" time="0.000">
    <skipped/>
  </testcase> <!-- Business_Details -->
  <testcase classname="Test.Test_script.Testng" name="Financialdocument" time="0.000">
    <skipped/>
  </testcase> <!-- Financialdocument -->
  <testcase classname="Test.Test_script.Testng" name="insurancedetails" time="0.000">
    <skipped/>
  </testcase> <!-- insurancedetails -->
  <testcase classname="Test.Test_script.Testng" name="disbursal" time="0.000">
    <skipped/>
  </testcase> <!-- disbursal -->
  <testcase classname="Test.Test_script.Testng" name="close" time="0.000">
    <skipped/>
  </testcase> <!-- close -->
</testsuite> <!-- Test.Test_script.Testng -->
